#-----------------------------------------------------------
# Vivado v2019.2 (64-bit)
# SW Build 2708876 on Wed Nov  6 21:40:23 MST 2019
# IP Build 2700528 on Thu Nov  7 00:09:20 MST 2019
# Start of session at: Sun Apr 16 16:26:27 2023
# Process ID: 21004
# Current directory: D:/vivado_project/genepattren/project_1
# Command line: vivado.exe -gui_launcher_event rodinguilauncherevent28920 D:\vivado_project\genepattren\project_1\project_1.xpr
# Log file: D:/vivado_project/genepattren/project_1/vivado.log
# Journal file: D:/vivado_project/genepattren/project_1\vivado.jou
#-----------------------------------------------------------
start_gui
open_project D:/vivado_project/genepattren/project_1/project_1.xpr
Scanning sources...
Finished scanning sources
INFO: [IP_Flow 19-234] Refreshing IP repositories
INFO: [IP_Flow 19-1704] No user IP repositories specified
INFO: [IP_Flow 19-2313] Loaded Vivado IP repository 'D:/Vivado/Vivado/2019.2/data/ip'.
update_compile_order -fileset sources_1
close [ open D:/vivado_project/genepattren/project_1/project_1.srcs/sources_1/new/GenePattern.v w ]
add_files D:/vivado_project/genepattren/project_1/project_1.srcs/sources_1/new/GenePattern.v
update_compile_order -fileset sources_1
